<?xml version="1.0" encoding="UTF-8"?>
<coverage generated="1526228496">
  <project timestamp="1526228496">
    <package name="SashaMart\FlagsBot">
      <file name="/home/sasha/tutu/flags-bot/src/Flag.php">
        <class name="SashaMart\FlagsBot\Flag" namespace="SashaMart\FlagsBot">
          <metrics complexity="8" methods="5" coveredmethods="1" conditionals="0" coveredconditionals="0" statements="31" coveredstatements="18" elements="36" coveredelements="19"/>
        </class>
        <line num="12" type="method" name="__construct" visibility="public" complexity="2" crap="2.03" count="1"/>
        <line num="14" type="stmt" count="1"/>
        <line num="16" type="stmt" count="1"/>
        <line num="17" type="stmt" count="0"/>
        <line num="19" type="stmt" count="1"/>
        <line num="20" type="stmt" count="1"/>
        <line num="22" type="method" name="_putUnicodeData" visibility="private" complexity="2" crap="6.00" count="0"/>
        <line num="24" type="stmt" count="0"/>
        <line num="25" type="stmt" count="0"/>
        <line num="27" type="stmt" count="0"/>
        <line num="29" type="method" name="getUnicode" visibility="public" complexity="2" crap="2.03" count="1"/>
        <line num="32" type="stmt" count="1"/>
        <line num="33" type="stmt" count="1"/>
        <line num="34" type="stmt" count="1"/>
        <line num="35" type="stmt" count="0"/>
        <line num="38" type="stmt" count="1"/>
        <line num="41" type="method" name="_findInFile" visibility="private" complexity="1" crap="1" count="1"/>
        <line num="43" type="stmt" count="1"/>
        <line num="44" type="stmt" count="1"/>
        <line num="45" type="stmt" count="1"/>
        <line num="46" type="stmt" count="1"/>
        <line num="47" type="stmt" count="1"/>
        <line num="49" type="stmt" count="1"/>
        <line num="52" type="method" name="_translateCountryName" visibility="private" complexity="1" crap="1.30" count="1"/>
        <line num="55" type="stmt" count="1"/>
        <line num="56" type="stmt" count="1"/>
        <line num="59" type="stmt" count="1"/>
        <line num="61" type="stmt" count="1"/>
        <line num="62" type="stmt" count="0"/>
        <line num="63" type="stmt" count="0"/>
        <line num="64" type="stmt" count="0"/>
        <line num="65" type="stmt" count="0"/>
        <line num="66" type="stmt" count="0"/>
        <line num="68" type="stmt" count="0"/>
        <line num="69" type="stmt" count="0"/>
        <line num="70" type="stmt" count="0"/>
        <metrics loc="72" ncloc="70" classes="1" methods="5" coveredmethods="1" conditionals="0" coveredconditionals="0" statements="31" coveredstatements="18" elements="36" coveredelements="19"/>
      </file>
    </package>
    <metrics files="1" loc="72" ncloc="70" classes="1" methods="5" coveredmethods="1" conditionals="0" coveredconditionals="0" statements="31" coveredstatements="18" elements="36" coveredelements="19"/>
  </project>
</coverage>
